<?xml version="1.0" encoding="UTF-8"?>
<!-- Generated by org.testng.reporters.JUnitReportReporter -->
<testsuite hostname="Admin" failures="0" tests="1" name="testcase.newtestcase" time="20.601" errors="0" timestamp="21 Feb 2023 09:38:01 GMT" skipped="0">
  <testcase classname="testcase.newtestcase" name="addSbu" time="20.601"/>
</testsuite> <!-- testcase.newtestcase -->
