<?xml version="1.0" encoding="UTF-8"?>
<!-- Generated by org.testng.reporters.JUnitReportReporter -->
<testsuite hostname="Admin" failures="0" tests="1" name="testcase.link" time="0.338" errors="0" timestamp="08 Feb 2023 04:00:24 GMT" skipped="0">
  <testcase classname="testcase.link" name="link" time="0.338"/>
</testsuite> <!-- testcase.link -->
