<?xml version="1.0" encoding="UTF-8"?>
<!-- Generated by org.testng.reporters.JUnitReportReporter -->
<testsuite hostname="Admin" failures="0" tests="1" name="testcase.text" time="0.518" errors="0" timestamp="14 Feb 2023 06:35:15 GMT" skipped="0">
  <testcase classname="testcase.text" name="text" time="0.518"/>
</testsuite> <!-- testcase.text -->
