<?xml version="1.0" encoding="UTF-8"?>
<!-- Generated by org.testng.reporters.JUnitReportReporter -->
<testsuite hostname="Admin" failures="0" tests="1" name="testcase.toggleswitch" time="0.086" errors="0" timestamp="13 Feb 2023 11:50:52 GMT" skipped="0">
  <testcase classname="testcase.toggleswitch" name="testcase" time="0.086"/>
</testsuite> <!-- testcase.toggleswitch -->
