<?xml version="1.0" encoding="UTF-8"?>
<!-- Generated by org.testng.reporters.JUnitReportReporter -->
<testsuite hostname="Admin" failures="0" tests="1" name="testcase.checkbox" time="14.636" errors="0" timestamp="08 Feb 2023 12:03:27 GMT" skipped="0">
  <testcase classname="testcase.checkbox" name="radio" time="14.636"/>
</testsuite> <!-- testcase.checkbox -->
