<?xml version="1.0" encoding="UTF-8"?>
<!-- Generated by org.testng.reporters.JUnitReportReporter -->
<testsuite hostname="Admin" failures="0" tests="1" name="testcase.pagination" time="26.436" errors="0" timestamp="27 Feb 2023 01:34:55 GMT" skipped="0">
  <testcase classname="testcase.pagination" name="first" time="26.436"/>
</testsuite> <!-- testcase.pagination -->
