<?xml version="1.0" encoding="UTF-8"?>
<!-- Generated by org.testng.reporters.JUnitReportReporter -->
<testsuite hostname="Admin" failures="0" tests="1" name="testcase.radiobutton" time="8.364" errors="0" timestamp="08 Feb 2023 06:21:40 GMT" skipped="0">
  <testcase classname="testcase.radiobutton" name="radio" time="8.364"/>
</testsuite> <!-- testcase.radiobutton -->
