<?xml version="1.0" encoding="UTF-8"?>
<!-- Generated by org.testng.reporters.JUnitReportReporter -->
<testsuite hostname="Admin" failures="0" tests="1" name="testcase.export" time="11.232" errors="0" timestamp="23 Feb 2023 11:16:18 GMT" skipped="0">
  <testcase classname="testcase.export" name="first" time="11.232"/>
</testsuite> <!-- testcase.export -->
