<?xml version="1.0" encoding="UTF-8"?>
<!-- Generated by org.testng.reporters.JUnitReportReporter -->
<testsuite hostname="Admin" failures="0" tests="1" name="testcase.material" time="23.917" errors="0" timestamp="23 Feb 2023 11:14:05 GMT" skipped="0">
  <testcase classname="testcase.material" name="first" time="23.917"/>
</testsuite> <!-- testcase.material -->
