<?xml version="1.0" encoding="UTF-8"?>
<!-- Generated by org.testng.reporters.JUnitReportReporter -->
<testsuite hostname="Admin" failures="0" tests="1" name="testcase.newtestcase" time="39.330" errors="0" timestamp="20 Feb 2023 07:19:12 GMT" skipped="0">
  <testcase classname="testcase.newtestcase" name="addSbu" time="39.330"/>
</testsuite> <!-- testcase.newtestcase -->
