<?xml version="1.0" encoding="UTF-8"?>
<!-- Generated by org.testng.reporters.JUnitReportReporter -->
<testsuite hostname="Admin" failures="0" tests="8" name="testcase.propertiesofpagination" time="22.998" errors="0" timestamp="27 Feb 2023 01:14:32 GMT" skipped="0">
  <testcase classname="testcase.propertiesofpagination" name="UnitPagination" time="8.364"/>
  <testcase classname="testcase.propertiesofpagination" name="DefaultIndexPage" time="2.170"/>
  <testcase classname="testcase.propertiesofpagination" name="RefreshDefaultPage" time="3.103"/>
  <testcase classname="testcase.propertiesofpagination" name="PageRedrict" time="2.291"/>
  <testcase classname="testcase.propertiesofpagination" name="PreButtonDispaly" time="0.058"/>
  <testcase classname="testcase.propertiesofpagination" name="NextButtonDispaly" time="0.046"/>
  <testcase classname="testcase.propertiesofpagination" name="NextButtonEanble" time="4.884"/>
  <testcase classname="testcase.propertiesofpagination" name="SecPagepreButDisable" time="2.082"/>
</testsuite> <!-- testcase.propertiesofpagination -->
