<?xml version="1.0" encoding="UTF-8"?>
<!-- Generated by org.testng.reporters.JUnitReportReporter -->
<testsuite hostname="Admin" failures="0" tests="1" name="testcase.dropdown" time="8.880" errors="0" timestamp="13 Feb 2023 06:10:10 GMT" skipped="0">
  <testcase classname="testcase.dropdown" name="drop" time="8.880"/>
</testsuite> <!-- testcase.dropdown -->
