<?xml version="1.0" encoding="UTF-8"?>
<!-- Generated by org.testng.reporters.JUnitReportReporter -->
<testsuite hostname="Admin" failures="0" tests="1" name="testcase.material" time="30.210" errors="0" timestamp="26 Feb 2023 15:43:43 GMT" skipped="0">
  <testcase classname="testcase.material" name="first" time="30.210"/>
</testsuite> <!-- testcase.material -->
