<?xml version="1.0" encoding="UTF-8"?>
<!-- Generated by org.testng.reporters.JUnitReportReporter -->
<testsuite hostname="Admin" failures="0" tests="2" name="testcase.tabs" time="6.023" errors="0" timestamp="14 Feb 2023 09:00:13 GMT" skipped="0">
  <testcase classname="testcase.tabs" name="tabs" time="5.918"/>
  <testcase classname="testcase.tabs" name="testcase" time="0.105"/>
</testsuite> <!-- testcase.tabs -->
