<?xml version="1.0" encoding="UTF-8"?>
<!-- Generated by org.testng.reporters.JUnitReportReporter -->
<testsuite hostname="Admin" failures="0" tests="1" name="testcase.logintest" time="6.388" errors="0" timestamp="15 Feb 2023 11:44:06 GMT" skipped="0">
  <testcase classname="testcase.logintest" name="login" time="6.388"/>
</testsuite> <!-- testcase.logintest -->
