<?xml version="1.0" encoding="UTF-8"?>
<!-- Generated by org.testng.reporters.JUnitReportReporter -->
<testsuite hostname="Admin" failures="0" tests="1" name="testcase.pagination" time="6.425" errors="0" timestamp="23 Feb 2023 09:04:18 GMT" skipped="0">
  <testcase classname="testcase.pagination" name="first" time="6.425"/>
</testsuite> <!-- testcase.pagination -->
