<?xml version="1.0" encoding="UTF-8"?>
<!-- Generated by org.testng.reporters.JUnitReportReporter -->
<testsuite hostname="Admin" failures="0" tests="7" name="testcase.formcontrol" time="31.330" errors="0" timestamp="13 Feb 2023 11:24:55 GMT" skipped="0">
  <testcase classname="testcase.formcontrol" name="formcontrol" time="6.075"/>
  <testcase classname="testcase.formcontrol" name="testcase" time="2.357"/>
  <testcase classname="testcase.formcontrol" name="TestSpaceValidation" time="4.641"/>
  <testcase classname="testcase.formcontrol" name="MinimumCharacterValidation" time="4.745"/>
  <testcase classname="testcase.formcontrol" name="emptyvalid" time="4.633"/>
  <testcase classname="testcase.formcontrol" name="InvalidSymbol" time="4.443"/>
  <testcase classname="testcase.formcontrol" name="Invalidnumbers" time="4.436"/>
</testsuite> <!-- testcase.formcontrol -->
