<?xml version="1.0" encoding="UTF-8"?>
<!-- Generated by org.testng.reporters.JUnitReportReporter -->
<testsuite hostname="Admin" failures="0" tests="1" name="testcase.export" time="11.296" errors="0" timestamp="24 Feb 2023 03:49:37 GMT" skipped="0">
  <testcase classname="testcase.export" name="first" time="11.296"/>
</testsuite> <!-- testcase.export -->
